#
# There is insufficient memory for the Java Runtime Environment to continue.
# Native memory allocation (malloc) failed to allocate 848176 bytes for Chunk::new
# Possible reasons:
#   The system is out of physical RAM or swap space
#   The process is running with CompressedOops enabled, and the Java Heap may be blocking the growth of the native heap
# Possible solutions:
#   Reduce memory load on the system
#   Increase physical memory or swap space
#   Check if swap backing store is full
#   Decrease Java heap size (-Xmx/-Xms)
#   Decrease number of Java threads
#   Decrease Java thread stack sizes (-Xss)
#   Set larger code cache with -XX:ReservedCodeCacheSize=
#   JVM is running with Zero Based Compressed Oops mode in which the Java heap is
#     placed in the first 32GB address space. The Java Heap base address is the
#     maximum limit for the native heap growth. Please use -XX:HeapBaseMinAddress
#     to set the Java Heap base and to place the Java Heap above 32GB virtual address.
# This output file may be truncated or incomplete.
#
#  Out of Memory Error (c:/jenkins/workspace/zulu11-build-win64/zulu-src/src/hotspot/share/memory/arena.cpp:197), pid=19096, tid=19840
#
# JRE version: OpenJDK Runtime Environment (Zulu11.37+17-CA) (11.0.6+10) (build 11.0.6+10-LTS)
# Java VM: OpenJDK 64-Bit Server VM (11.0.6+10-LTS, mixed mode, tiered, compressed oops, g1 gc, windows-amd64)
# No core dump will be written. Minidumps are not enabled by default on client versions of Windows
#

---------------  S U M M A R Y ------------

Command Line: -javaagent:C:\Program Files\JetBrains\IntelliJ IDEA Educational Edition 2019.3.1\lib\idea_rt.jar=57479:C:\Program Files\JetBrains\IntelliJ IDEA Educational Edition 2019.3.1\bin -Dfile.encoding=UTF-8 gameOfLife.GyvenimoTestas

Host: Intel(R) Core(TM) i7-7700HQ CPU @ 2.80GHz, 8 cores, 15G,  Windows 10 , 64 bit Build 17763 (10.0.17763.475)
Time: Sat Mar 14 18:19:48 2020 FLE Standard Time elapsed time: 4 seconds (0d 0h 0m 4s)

---------------  T H R E A D  ---------------

Current thread (0x000002baa33e1800):  JavaThread "C2 CompilerThread0" daemon [_thread_in_native, id=19840, stack(0x000000c6ddc00000,0x000000c6ddd00000)]


Current CompileTask:
C2:   4409  944 %     4       gameOfLife.Gyvenimas::paint @ 677 (746 bytes)

Stack: [0x000000c6ddc00000,0x000000c6ddd00000]
Native frames: (J=compiled Java code, j=interpreted, Vv=VM code, C=native code)
V  [jvm.dll+0x5dd64a]
V  [jvm.dll+0x713eae]
V  [jvm.dll+0x715547]
V  [jvm.dll+0x715c13]
V  [jvm.dll+0x23f9e8]
V  [jvm.dll+0xb8f0c]
V  [jvm.dll+0xb949c]
V  [jvm.dll+0x343352]
V  [jvm.dll+0x310fd3]
V  [jvm.dll+0x3103ba]
V  [jvm.dll+0x1f98b5]
V  [jvm.dll+0x1f8a6f]
V  [jvm.dll+0x17d98c]
V  [jvm.dll+0x207c27]
V  [jvm.dll+0x205f0b]
V  [jvm.dll+0x6d9cf9]
V  [jvm.dll+0x6d2f14]
V  [jvm.dll+0x5dc5d6]
C  [ucrtbase.dll+0x21ffa]
C  [KERNEL32.DLL+0x17974]
C  [ntdll.dll+0x6a261]


---------------  P R O C E S S  ---------------

Threads class SMR info:
_java_thread_list=0x000002baa3b822e0, length=15, elements={
0x000002baa2ae0000, 0x000002baa2aeb000, 0x000002baa2aea000, 0x000002bafca87000,
0x000002baa33e1800, 0x000002baa33eb800, 0x000002baa33ed800, 0x000002baa355e000,
0x000002baa36a9000, 0x000002baa37f8800, 0x000002baa3a2f000, 0x000002baa3a90000,
0x000002baa3a91000, 0x000002baa3e7b800, 0x000002bafcbee000
}

Java Threads: ( => current thread )
  0x000002baa2ae0000 JavaThread "Reference Handler" daemon [_thread_blocked, id=9652, stack(0x000000c6dd800000,0x000000c6dd900000)]
  0x000002baa2aeb000 JavaThread "Finalizer" daemon [_thread_blocked, id=22876, stack(0x000000c6dd900000,0x000000c6dda00000)]
  0x000002baa2aea000 JavaThread "Signal Dispatcher" daemon [_thread_blocked, id=15972, stack(0x000000c6dda00000,0x000000c6ddb00000)]
  0x000002bafca87000 JavaThread "Attach Listener" daemon [_thread_blocked, id=20588, stack(0x000000c6ddb00000,0x000000c6ddc00000)]
=>0x000002baa33e1800 JavaThread "C2 CompilerThread0" daemon [_thread_in_native, id=19840, stack(0x000000c6ddc00000,0x000000c6ddd00000)]
  0x000002baa33eb800 JavaThread "C1 CompilerThread0" daemon [_thread_blocked, id=14872, stack(0x000000c6ddd00000,0x000000c6dde00000)]
  0x000002baa33ed800 JavaThread "Sweeper thread" daemon [_thread_blocked, id=21660, stack(0x000000c6dde00000,0x000000c6ddf00000)]
  0x000002baa355e000 JavaThread "Common-Cleaner" daemon [_thread_blocked, id=6172, stack(0x000000c6ddf00000,0x000000c6de000000)]
  0x000002baa36a9000 JavaThread "Monitor Ctrl-Break" daemon [_thread_in_native, id=8144, stack(0x000000c6de100000,0x000000c6de200000)]
  0x000002baa37f8800 JavaThread "Service Thread" daemon [_thread_blocked, id=17384, stack(0x000000c6de200000,0x000000c6de300000)]
  0x000002baa3a2f000 JavaThread "Java2D Disposer" daemon [_thread_blocked, id=14420, stack(0x000000c6de400000,0x000000c6de500000)]
  0x000002baa3a90000 JavaThread "AWT-Shutdown" [_thread_blocked, id=18836, stack(0x000000c6de500000,0x000000c6de600000)]
  0x000002baa3a91000 JavaThread "AWT-Windows" daemon [_thread_in_native, id=16964, stack(0x000000c6de600000,0x000000c6de700000)]
  0x000002baa3e7b800 JavaThread "AWT-EventQueue-0" [_thread_in_native, id=14852, stack(0x000000c6de700000,0x000000c6de800000)]
  0x000002bafcbee000 JavaThread "DestroyJavaVM" [_thread_blocked, id=7124, stack(0x000000c6dd100000,0x000000c6dd200000)]

Other Threads:
  0x000002baa2ad7000 VMThread "VM Thread" [stack: 0x000000c6dd700000,0x000000c6dd800000] [id=10492]
  0x000002baa37f9800 WatcherThread [stack: 0x000000c6de300000,0x000000c6de400000] [id=11952]
  0x000002bafcc0a000 GCTaskThread "GC Thread#0" [stack: 0x000000c6dd200000,0x000000c6dd300000] [id=7352]
  0x000002bafcb5d000 ConcurrentGCThread "G1 Main Marker" [stack: 0x000000c6dd300000,0x000000c6dd400000] [id=11368]
  0x000002bafcc62000 ConcurrentGCThread "G1 Conc#0" [stack: 0x000000c6dd400000,0x000000c6dd500000] [id=13712]
  0x000002baa29be800 ConcurrentGCThread "G1 Refine#0" [stack: 0x000000c6dd500000,0x000000c6dd600000] [id=23020]
  0x000002baa29c0800 ConcurrentGCThread "G1 Young RemSet Sampling" [stack: 0x000000c6dd600000,0x000000c6dd700000] [id=19528]

Threads with active compile tasks:
C2 CompilerThread0   4429  944 %     4       gameOfLife.Gyvenimas::paint @ 677 (746 bytes)

VM state:not at safepoint (normal execution)

VM Mutex/Monitor currently owned by a thread: None

Heap address: 0x0000000701a00000, size: 4070 MB, Compressed Oops mode: Zero based, Oop shift amount: 3
Narrow klass base: 0x0000000800000000, Narrow klass shift: 0
Compressed class space size: 1073741824 Address: 0x0000000800000000

Heap:
 garbage-first heap   total 262144K, used 12288K [0x0000000701a00000, 0x0000000800000000)
  region size 1024K, 13 young (13312K), 0 survivors (0K)
 Metaspace       used 13538K, capacity 13978K, committed 14208K, reserved 1062912K
  class space    used 1385K, capacity 1588K, committed 1664K, reserved 1048576K
Heap Regions: E=young(eden), S=young(survivor), O=old, HS=humongous(starts), HC=humongous(continues), CS=collection set, F=free, A=archive, TAMS=top-at-mark-start (previous, next)
|   0|0x0000000701a00000, 0x0000000701a00000, 0x0000000701b00000|  0%| F|  |TAMS 0x0000000701a00000, 0x0000000701a00000| Untracked 
|   1|0x0000000701b00000, 0x0000000701b00000, 0x0000000701c00000|  0%| F|  |TAMS 0x0000000701b00000, 0x0000000701b00000| Untracked 
|   2|0x0000000701c00000, 0x0000000701c00000, 0x0000000701d00000|  0%| F|  |TAMS 0x0000000701c00000, 0x0000000701c00000| Untracked 
|   3|0x0000000701d00000, 0x0000000701d00000, 0x0000000701e00000|  0%| F|  |TAMS 0x0000000701d00000, 0x0000000701d00000| Untracked 
|   4|0x0000000701e00000, 0x0000000701e00000, 0x0000000701f00000|  0%| F|  |TAMS 0x0000000701e00000, 0x0000000701e00000| Untracked 
|   5|0x0000000701f00000, 0x0000000701f00000, 0x0000000702000000|  0%| F|  |TAMS 0x0000000701f00000, 0x0000000701f00000| Untracked 
|   6|0x0000000702000000, 0x0000000702000000, 0x0000000702100000|  0%| F|  |TAMS 0x0000000702000000, 0x0000000702000000| Untracked 
|   7|0x0000000702100000, 0x0000000702100000, 0x0000000702200000|  0%| F|  |TAMS 0x0000000702100000, 0x0000000702100000| Untracked 
|   8|0x0000000702200000, 0x0000000702200000, 0x0000000702300000|  0%| F|  |TAMS 0x0000000702200000, 0x0000000702200000| Untracked 
|   9|0x0000000702300000, 0x0000000702300000, 0x0000000702400000|  0%| F|  |TAMS 0x0000000702300000, 0x0000000702300000| Untracked 
|  10|0x0000000702400000, 0x0000000702400000, 0x0000000702500000|  0%| F|  |TAMS 0x0000000702400000, 0x0000000702400000| Untracked 
|  11|0x0000000702500000, 0x0000000702500000, 0x0000000702600000|  0%| F|  |TAMS 0x0000000702500000, 0x0000000702500000| Untracked 
|  12|0x0000000702600000, 0x0000000702600000, 0x0000000702700000|  0%| F|  |TAMS 0x0000000702600000, 0x0000000702600000| Untracked 
|  13|0x0000000702700000, 0x0000000702700000, 0x0000000702800000|  0%| F|  |TAMS 0x0000000702700000, 0x0000000702700000| Untracked 
|  14|0x0000000702800000, 0x0000000702800000, 0x0000000702900000|  0%| F|  |TAMS 0x0000000702800000, 0x0000000702800000| Untracked 
|  15|0x0000000702900000, 0x0000000702900000, 0x0000000702a00000|  0%| F|  |TAMS 0x0000000702900000, 0x0000000702900000| Untracked 
|  16|0x0000000702a00000, 0x0000000702a00000, 0x0000000702b00000|  0%| F|  |TAMS 0x0000000702a00000, 0x0000000702a00000| Untracked 
|  17|0x0000000702b00000, 0x0000000702b00000, 0x0000000702c00000|  0%| F|  |TAMS 0x0000000702b00000, 0x0000000702b00000| Untracked 
|  18|0x0000000702c00000, 0x0000000702c00000, 0x0000000702d00000|  0%| F|  |TAMS 0x0000000702c00000, 0x0000000702c00000| Untracked 
|  19|0x0000000702d00000, 0x0000000702d00000, 0x0000000702e00000|  0%| F|  |TAMS 0x0000000702d00000, 0x0000000702d00000| Untracked 
|  20|0x0000000702e00000, 0x0000000702e00000, 0x0000000702f00000|  0%| F|  |TAMS 0x0000000702e00000, 0x0000000702e00000| Untracked 
|  21|0x0000000702f00000, 0x0000000702f00000, 0x0000000703000000|  0%| F|  |TAMS 0x0000000702f00000, 0x0000000702f00000| Untracked 
|  22|0x0000000703000000, 0x0000000703000000, 0x0000000703100000|  0%| F|  |TAMS 0x0000000703000000, 0x0000000703000000| Untracked 
|  23|0x0000000703100000, 0x0000000703100000, 0x0000000703200000|  0%| F|  |TAMS 0x0000000703100000, 0x0000000703100000| Untracked 
|  24|0x0000000703200000, 0x0000000703200000, 0x0000000703300000|  0%| F|  |TAMS 0x0000000703200000, 0x0000000703200000| Untracked 
|  25|0x0000000703300000, 0x0000000703300000, 0x0000000703400000|  0%| F|  |TAMS 0x0000000703300000, 0x0000000703300000| Untracked 
|  26|0x0000000703400000, 0x0000000703400000, 0x0000000703500000|  0%| F|  |TAMS 0x0000000703400000, 0x0000000703400000| Untracked 
|  27|0x0000000703500000, 0x0000000703500000, 0x0000000703600000|  0%| F|  |TAMS 0x0000000703500000, 0x0000000703500000| Untracked 
|  28|0x0000000703600000, 0x0000000703600000, 0x0000000703700000|  0%| F|  |TAMS 0x0000000703600000, 0x0000000703600000| Untracked 
|  29|0x0000000703700000, 0x0000000703700000, 0x0000000703800000|  0%| F|  |TAMS 0x0000000703700000, 0x0000000703700000| Untracked 
|  30|0x0000000703800000, 0x0000000703800000, 0x0000000703900000|  0%| F|  |TAMS 0x0000000703800000, 0x0000000703800000| Untracked 
|  31|0x0000000703900000, 0x0000000703900000, 0x0000000703a00000|  0%| F|  |TAMS 0x0000000703900000, 0x0000000703900000| Untracked 
|  32|0x0000000703a00000, 0x0000000703a00000, 0x0000000703b00000|  0%| F|  |TAMS 0x0000000703a00000, 0x0000000703a00000| Untracked 
|  33|0x0000000703b00000, 0x0000000703b00000, 0x0000000703c00000|  0%| F|  |TAMS 0x0000000703b00000, 0x0000000703b00000| Untracked 
|  34|0x0000000703c00000, 0x0000000703c00000, 0x0000000703d00000|  0%| F|  |TAMS 0x0000000703c00000, 0x0000000703c00000| Untracked 
|  35|0x0000000703d00000, 0x0000000703d00000, 0x0000000703e00000|  0%| F|  |TAMS 0x0000000703d00000, 0x0000000703d00000| Untracked 
|  36|0x0000000703e00000, 0x0000000703e00000, 0x0000000703f00000|  0%| F|  |TAMS 0x0000000703e00000, 0x0000000703e00000| Untracked 
|  37|0x0000000703f00000, 0x0000000703f00000, 0x0000000704000000|  0%| F|  |TAMS 0x0000000703f00000, 0x0000000703f00000| Untracked 
|  38|0x0000000704000000, 0x0000000704000000, 0x0000000704100000|  0%| F|  |TAMS 0x0000000704000000, 0x0000000704000000| Untracked 
|  39|0x0000000704100000, 0x0000000704100000, 0x0000000704200000|  0%| F|  |TAMS 0x0000000704100000, 0x0000000704100000| Untracked 
|  40|0x0000000704200000, 0x0000000704200000, 0x0000000704300000|  0%| F|  |TAMS 0x0000000704200000, 0x0000000704200000| Untracked 
|  41|0x0000000704300000, 0x0000000704300000, 0x0000000704400000|  0%| F|  |TAMS 0x0000000704300000, 0x0000000704300000| Untracked 
|  42|0x0000000704400000, 0x0000000704400000, 0x0000000704500000|  0%| F|  |TAMS 0x0000000704400000, 0x0000000704400000| Untracked 
|  43|0x0000000704500000, 0x0000000704500000, 0x0000000704600000|  0%| F|  |TAMS 0x0000000704500000, 0x0000000704500000| Untracked 
|  44|0x0000000704600000, 0x0000000704600000, 0x0000000704700000|  0%| F|  |TAMS 0x0000000704600000, 0x0000000704600000| Untracked 
|  45|0x0000000704700000, 0x0000000704700000, 0x0000000704800000|  0%| F|  |TAMS 0x0000000704700000, 0x0000000704700000| Untracked 
|  46|0x0000000704800000, 0x0000000704800000, 0x0000000704900000|  0%| F|  |TAMS 0x0000000704800000, 0x0000000704800000| Untracked 
|  47|0x0000000704900000, 0x0000000704900000, 0x0000000704a00000|  0%| F|  |TAMS 0x0000000704900000, 0x0000000704900000| Untracked 
|  48|0x0000000704a00000, 0x0000000704a00000, 0x0000000704b00000|  0%| F|  |TAMS 0x0000000704a00000, 0x0000000704a00000| Untracked 
|  49|0x0000000704b00000, 0x0000000704b00000, 0x0000000704c00000|  0%| F|  |TAMS 0x0000000704b00000, 0x0000000704b00000| Untracked 
|  50|0x0000000704c00000, 0x0000000704c00000, 0x0000000704d00000|  0%| F|  |TAMS 0x0000000704c00000, 0x0000000704c00000| Untracked 
|  51|0x0000000704d00000, 0x0000000704d00000, 0x0000000704e00000|  0%| F|  |TAMS 0x0000000704d00000, 0x0000000704d00000| Untracked 
|  52|0x0000000704e00000, 0x0000000704e00000, 0x0000000704f00000|  0%| F|  |TAMS 0x0000000704e00000, 0x0000000704e00000| Untracked 
|  53|0x0000000704f00000, 0x0000000704f00000, 0x0000000705000000|  0%| F|  |TAMS 0x0000000704f00000, 0x0000000704f00000| Untracked 
|  54|0x0000000705000000, 0x0000000705000000, 0x0000000705100000|  0%| F|  |TAMS 0x0000000705000000, 0x0000000705000000| Untracked 
|  55|0x0000000705100000, 0x0000000705100000, 0x0000000705200000|  0%| F|  |TAMS 0x0000000705100000, 0x0000000705100000| Untracked 
|  56|0x0000000705200000, 0x0000000705200000, 0x0000000705300000|  0%| F|  |TAMS 0x0000000705200000, 0x0000000705200000| Untracked 
|  57|0x0000000705300000, 0x0000000705300000, 0x0000000705400000|  0%| F|  |TAMS 0x0000000705300000, 0x0000000705300000| Untracked 
|  58|0x0000000705400000, 0x0000000705400000, 0x0000000705500000|  0%| F|  |TAMS 0x0000000705400000, 0x0000000705400000| Untracked 
|  59|0x0000000705500000, 0x0000000705500000, 0x0000000705600000|  0%| F|  |TAMS 0x0000000705500000, 0x0000000705500000| Untracked 
|  60|0x0000000705600000, 0x0000000705600000, 0x0000000705700000|  0%| F|  |TAMS 0x0000000705600000, 0x0000000705600000| Untracked 
|  61|0x0000000705700000, 0x0000000705700000, 0x0000000705800000|  0%| F|  |TAMS 0x0000000705700000, 0x0000000705700000| Untracked 
|  62|0x0000000705800000, 0x0000000705800000, 0x0000000705900000|  0%| F|  |TAMS 0x0000000705800000, 0x0000000705800000| Untracked 
|  63|0x0000000705900000, 0x0000000705900000, 0x0000000705a00000|  0%| F|  |TAMS 0x0000000705900000, 0x0000000705900000| Untracked 
|  64|0x0000000705a00000, 0x0000000705a00000, 0x0000000705b00000|  0%| F|  |TAMS 0x0000000705a00000, 0x0000000705a00000| Untracked 
|  65|0x0000000705b00000, 0x0000000705b00000, 0x0000000705c00000|  0%| F|  |TAMS 0x0000000705b00000, 0x0000000705b00000| Untracked 
|  66|0x0000000705c00000, 0x0000000705c00000, 0x0000000705d00000|  0%| F|  |TAMS 0x0000000705c00000, 0x0000000705c00000| Untracked 
|  67|0x0000000705d00000, 0x0000000705d00000, 0x0000000705e00000|  0%| F|  |TAMS 0x0000000705d00000, 0x0000000705d00000| Untracked 
|  68|0x0000000705e00000, 0x0000000705e00000, 0x0000000705f00000|  0%| F|  |TAMS 0x0000000705e00000, 0x0000000705e00000| Untracked 
|  69|0x0000000705f00000, 0x0000000705f00000, 0x0000000706000000|  0%| F|  |TAMS 0x0000000705f00000, 0x0000000705f00000| Untracked 
|  70|0x0000000706000000, 0x0000000706000000, 0x0000000706100000|  0%| F|  |TAMS 0x0000000706000000, 0x0000000706000000| Untracked 
|  71|0x0000000706100000, 0x0000000706100000, 0x0000000706200000|  0%| F|  |TAMS 0x0000000706100000, 0x0000000706100000| Untracked 
|  72|0x0000000706200000, 0x0000000706200000, 0x0000000706300000|  0%| F|  |TAMS 0x0000000706200000, 0x0000000706200000| Untracked 
|  73|0x0000000706300000, 0x0000000706300000, 0x0000000706400000|  0%| F|  |TAMS 0x0000000706300000, 0x0000000706300000| Untracked 
|  74|0x0000000706400000, 0x0000000706400000, 0x0000000706500000|  0%| F|  |TAMS 0x0000000706400000, 0x0000000706400000| Untracked 
|  75|0x0000000706500000, 0x0000000706500000, 0x0000000706600000|  0%| F|  |TAMS 0x0000000706500000, 0x0000000706500000| Untracked 
|  76|0x0000000706600000, 0x0000000706600000, 0x0000000706700000|  0%| F|  |TAMS 0x0000000706600000, 0x0000000706600000| Untracked 
|  77|0x0000000706700000, 0x0000000706700000, 0x0000000706800000|  0%| F|  |TAMS 0x0000000706700000, 0x0000000706700000| Untracked 
|  78|0x0000000706800000, 0x0000000706800000, 0x0000000706900000|  0%| F|  |TAMS 0x0000000706800000, 0x0000000706800000| Untracked 
|  79|0x0000000706900000, 0x0000000706900000, 0x0000000706a00000|  0%| F|  |TAMS 0x0000000706900000, 0x0000000706900000| Untracked 
|  80|0x0000000706a00000, 0x0000000706a00000, 0x0000000706b00000|  0%| F|  |TAMS 0x0000000706a00000, 0x0000000706a00000| Untracked 
|  81|0x0000000706b00000, 0x0000000706b00000, 0x0000000706c00000|  0%| F|  |TAMS 0x0000000706b00000, 0x0000000706b00000| Untracked 
|  82|0x0000000706c00000, 0x0000000706c00000, 0x0000000706d00000|  0%| F|  |TAMS 0x0000000706c00000, 0x0000000706c00000| Untracked 
|  83|0x0000000706d00000, 0x0000000706d00000, 0x0000000706e00000|  0%| F|  |TAMS 0x0000000706d00000, 0x0000000706d00000| Untracked 
|  84|0x0000000706e00000, 0x0000000706e00000, 0x0000000706f00000|  0%| F|  |TAMS 0x0000000706e00000, 0x0000000706e00000| Untracked 
|  85|0x0000000706f00000, 0x0000000706f00000, 0x0000000707000000|  0%| F|  |TAMS 0x0000000706f00000, 0x0000000706f00000| Untracked 
|  86|0x0000000707000000, 0x0000000707000000, 0x0000000707100000|  0%| F|  |TAMS 0x0000000707000000, 0x0000000707000000| Untracked 
|  87|0x0000000707100000, 0x0000000707100000, 0x0000000707200000|  0%| F|  |TAMS 0x0000000707100000, 0x0000000707100000| Untracked 
|  88|0x0000000707200000, 0x0000000707200000, 0x0000000707300000|  0%| F|  |TAMS 0x0000000707200000, 0x0000000707200000| Untracked 
|  89|0x0000000707300000, 0x0000000707300000, 0x0000000707400000|  0%| F|  |TAMS 0x0000000707300000, 0x0000000707300000| Untracked 
|  90|0x0000000707400000, 0x0000000707400000, 0x0000000707500000|  0%| F|  |TAMS 0x0000000707400000, 0x0000000707400000| Untracked 
|  91|0x0000000707500000, 0x0000000707500000, 0x0000000707600000|  0%| F|  |TAMS 0x0000000707500000, 0x0000000707500000| Untracked 
|  92|0x0000000707600000, 0x0000000707600000, 0x0000000707700000|  0%| F|  |TAMS 0x0000000707600000, 0x0000000707600000| Untracked 
|  93|0x0000000707700000, 0x0000000707700000, 0x0000000707800000|  0%| F|  |TAMS 0x0000000707700000, 0x0000000707700000| Untracked 
|  94|0x0000000707800000, 0x0000000707800000, 0x0000000707900000|  0%| F|  |TAMS 0x0000000707800000, 0x0000000707800000| Untracked 
|  95|0x0000000707900000, 0x0000000707900000, 0x0000000707a00000|  0%| F|  |TAMS 0x0000000707900000, 0x0000000707900000| Untracked 
|  96|0x0000000707a00000, 0x0000000707a00000, 0x0000000707b00000|  0%| F|  |TAMS 0x0000000707a00000, 0x0000000707a00000| Untracked 
|  97|0x0000000707b00000, 0x0000000707b00000, 0x0000000707c00000|  0%| F|  |TAMS 0x0000000707b00000, 0x0000000707b00000| Untracked 
|  98|0x0000000707c00000, 0x0000000707c00000, 0x0000000707d00000|  0%| F|  |TAMS 0x0000000707c00000, 0x0000000707c00000| Untracked 
|  99|0x0000000707d00000, 0x0000000707d00000, 0x0000000707e00000|  0%| F|  |TAMS 0x0000000707d00000, 0x0000000707d00000| Untracked 
| 100|0x0000000707e00000, 0x0000000707e00000, 0x0000000707f00000|  0%| F|  |TAMS 0x0000000707e00000, 0x0000000707e00000| Untracked 
| 101|0x0000000707f00000, 0x0000000707f00000, 0x0000000708000000|  0%| F|  |TAMS 0x0000000707f00000, 0x0000000707f00000| Untracked 
| 102|0x0000000708000000, 0x0000000708000000, 0x0000000708100000|  0%| F|  |TAMS 0x0000000708000000, 0x0000000708000000| Untracked 
| 103|0x0000000708100000, 0x0000000708100000, 0x0000000708200000|  0%| F|  |TAMS 0x0000000708100000, 0x0000000708100000| Untracked 
| 104|0x0000000708200000, 0x0000000708200000, 0x0000000708300000|  0%| F|  |TAMS 0x0000000708200000, 0x0000000708200000| Untracked 
| 105|0x0000000708300000, 0x0000000708300000, 0x0000000708400000|  0%| F|  |TAMS 0x0000000708300000, 0x0000000708300000| Untracked 
| 106|0x0000000708400000, 0x0000000708400000, 0x0000000708500000|  0%| F|  |TAMS 0x0000000708400000, 0x0000000708400000| Untracked 
| 107|0x0000000708500000, 0x0000000708500000, 0x0000000708600000|  0%| F|  |TAMS 0x0000000708500000, 0x0000000708500000| Untracked 
| 108|0x0000000708600000, 0x0000000708600000, 0x0000000708700000|  0%| F|  |TAMS 0x0000000708600000, 0x0000000708600000| Untracked 
| 109|0x0000000708700000, 0x0000000708700000, 0x0000000708800000|  0%| F|  |TAMS 0x0000000708700000, 0x0000000708700000| Untracked 
| 110|0x0000000708800000, 0x0000000708800000, 0x0000000708900000|  0%| F|  |TAMS 0x0000000708800000, 0x0000000708800000| Untracked 
| 111|0x0000000708900000, 0x0000000708900000, 0x0000000708a00000|  0%| F|  |TAMS 0x0000000708900000, 0x0000000708900000| Untracked 
| 112|0x0000000708a00000, 0x0000000708a00000, 0x0000000708b00000|  0%| F|  |TAMS 0x0000000708a00000, 0x0000000708a00000| Untracked 
| 113|0x0000000708b00000, 0x0000000708b00000, 0x0000000708c00000|  0%| F|  |TAMS 0x0000000708b00000, 0x0000000708b00000| Untracked 
| 114|0x0000000708c00000, 0x0000000708c00000, 0x0000000708d00000|  0%| F|  |TAMS 0x0000000708c00000, 0x0000000708c00000| Untracked 
| 115|0x0000000708d00000, 0x0000000708d00000, 0x0000000708e00000|  0%| F|  |TAMS 0x0000000708d00000, 0x0000000708d00000| Untracked 
| 116|0x0000000708e00000, 0x0000000708e00000, 0x0000000708f00000|  0%| F|  |TAMS 0x0000000708e00000, 0x0000000708e00000| Untracked 
| 117|0x0000000708f00000, 0x0000000708f00000, 0x0000000709000000|  0%| F|  |TAMS 0x0000000708f00000, 0x0000000708f00000| Untracked 
| 118|0x0000000709000000, 0x0000000709000000, 0x0000000709100000|  0%| F|  |TAMS 0x0000000709000000, 0x0000000709000000| Untracked 
| 119|0x0000000709100000, 0x0000000709100000, 0x0000000709200000|  0%| F|  |TAMS 0x0000000709100000, 0x0000000709100000| Untracked 
| 120|0x0000000709200000, 0x0000000709200000, 0x0000000709300000|  0%| F|  |TAMS 0x0000000709200000, 0x0000000709200000| Untracked 
| 121|0x0000000709300000, 0x0000000709300000, 0x0000000709400000|  0%| F|  |TAMS 0x0000000709300000, 0x0000000709300000| Untracked 
| 122|0x0000000709400000, 0x0000000709400000, 0x0000000709500000|  0%| F|  |TAMS 0x0000000709400000, 0x0000000709400000| Untracked 
| 123|0x0000000709500000, 0x0000000709500000, 0x0000000709600000|  0%| F|  |TAMS 0x0000000709500000, 0x0000000709500000| Untracked 
| 124|0x0000000709600000, 0x0000000709600000, 0x0000000709700000|  0%| F|  |TAMS 0x0000000709600000, 0x0000000709600000| Untracked 
| 125|0x0000000709700000, 0x0000000709700000, 0x0000000709800000|  0%| F|  |TAMS 0x0000000709700000, 0x0000000709700000| Untracked 
| 126|0x0000000709800000, 0x0000000709800000, 0x0000000709900000|  0%| F|  |TAMS 0x0000000709800000, 0x0000000709800000| Untracked 
| 127|0x0000000709900000, 0x0000000709900000, 0x0000000709a00000|  0%| F|  |TAMS 0x0000000709900000, 0x0000000709900000| Untracked 
| 128|0x0000000709a00000, 0x0000000709a00000, 0x0000000709b00000|  0%| F|  |TAMS 0x0000000709a00000, 0x0000000709a00000| Untracked 
| 129|0x0000000709b00000, 0x0000000709b00000, 0x0000000709c00000|  0%| F|  |TAMS 0x0000000709b00000, 0x0000000709b00000| Untracked 
| 130|0x0000000709c00000, 0x0000000709c00000, 0x0000000709d00000|  0%| F|  |TAMS 0x0000000709c00000, 0x0000000709c00000| Untracked 
| 131|0x0000000709d00000, 0x0000000709d00000, 0x0000000709e00000|  0%| F|  |TAMS 0x0000000709d00000, 0x0000000709d00000| Untracked 
| 132|0x0000000709e00000, 0x0000000709e00000, 0x0000000709f00000|  0%| F|  |TAMS 0x0000000709e00000, 0x0000000709e00000| Untracked 
| 133|0x0000000709f00000, 0x0000000709f00000, 0x000000070a000000|  0%| F|  |TAMS 0x0000000709f00000, 0x0000000709f00000| Untracked 
| 134|0x000000070a000000, 0x000000070a000000, 0x000000070a100000|  0%| F|  |TAMS 0x000000070a000000, 0x000000070a000000| Untracked 
| 135|0x000000070a100000, 0x000000070a100000, 0x000000070a200000|  0%| F|  |TAMS 0x000000070a100000, 0x000000070a100000| Untracked 
| 136|0x000000070a200000, 0x000000070a200000, 0x000000070a300000|  0%| F|  |TAMS 0x000000070a200000, 0x000000070a200000| Untracked 
| 137|0x000000070a300000, 0x000000070a300000, 0x000000070a400000|  0%| F|  |TAMS 0x000000070a300000, 0x000000070a300000| Untracked 
| 138|0x000000070a400000, 0x000000070a400000, 0x000000070a500000|  0%| F|  |TAMS 0x000000070a400000, 0x000000070a400000| Untracked 
| 139|0x000000070a500000, 0x000000070a500000, 0x000000070a600000|  0%| F|  |TAMS 0x000000070a500000, 0x000000070a500000| Untracked 
| 140|0x000000070a600000, 0x000000070a600000, 0x000000070a700000|  0%| F|  |TAMS 0x000000070a600000, 0x000000070a600000| Untracked 
| 141|0x000000070a700000, 0x000000070a700000, 0x000000070a800000|  0%| F|  |TAMS 0x000000070a700000, 0x000000070a700000| Untracked 
| 142|0x000000070a800000, 0x000000070a800000, 0x000000070a900000|  0%| F|  |TAMS 0x000000070a800000, 0x000000070a800000| Untracked 
| 143|0x000000070a900000, 0x000000070a900000, 0x000000070aa00000|  0%| F|  |TAMS 0x000000070a900000, 0x000000070a900000| Untracked 
| 144|0x000000070aa00000, 0x000000070aa00000, 0x000000070ab00000|  0%| F|  |TAMS 0x000000070aa00000, 0x000000070aa00000| Untracked 
| 145|0x000000070ab00000, 0x000000070ab00000, 0x000000070ac00000|  0%| F|  |TAMS 0x000000070ab00000, 0x000000070ab00000| Untracked 
| 146|0x000000070ac00000, 0x000000070ac00000, 0x000000070ad00000|  0%| F|  |TAMS 0x000000070ac00000, 0x000000070ac00000| Untracked 
| 147|0x000000070ad00000, 0x000000070ad00000, 0x000000070ae00000|  0%| F|  |TAMS 0x000000070ad00000, 0x000000070ad00000| Untracked 
| 148|0x000000070ae00000, 0x000000070ae00000, 0x000000070af00000|  0%| F|  |TAMS 0x000000070ae00000, 0x000000070ae00000| Untracked 
| 149|0x000000070af00000, 0x000000070af00000, 0x000000070b000000|  0%| F|  |TAMS 0x000000070af00000, 0x000000070af00000| Untracked 
| 150|0x000000070b000000, 0x000000070b000000, 0x000000070b100000|  0%| F|  |TAMS 0x000000070b000000, 0x000000070b000000| Untracked 
| 151|0x000000070b100000, 0x000000070b100000, 0x000000070b200000|  0%| F|  |TAMS 0x000000070b100000, 0x000000070b100000| Untracked 
| 152|0x000000070b200000, 0x000000070b200000, 0x000000070b300000|  0%| F|  |TAMS 0x000000070b200000, 0x000000070b200000| Untracked 
| 153|0x000000070b300000, 0x000000070b300000, 0x000000070b400000|  0%| F|  |TAMS 0x000000070b300000, 0x000000070b300000| Untracked 
| 154|0x000000070b400000, 0x000000070b400000, 0x000000070b500000|  0%| F|  |TAMS 0x000000070b400000, 0x000000070b400000| Untracked 
| 155|0x000000070b500000, 0x000000070b500000, 0x000000070b600000|  0%| F|  |TAMS 0x000000070b500000, 0x000000070b500000| Untracked 
| 156|0x000000070b600000, 0x000000070b600000, 0x000000070b700000|  0%| F|  |TAMS 0x000000070b600000, 0x000000070b600000| Untracked 
| 157|0x000000070b700000, 0x000000070b700000, 0x000000070b800000|  0%| F|  |TAMS 0x000000070b700000, 0x000000070b700000| Untracked 
| 158|0x000000070b800000, 0x000000070b800000, 0x000000070b900000|  0%| F|  |TAMS 0x000000070b800000, 0x000000070b800000| Untracked 
| 159|0x000000070b900000, 0x000000070b900000, 0x000000070ba00000|  0%| F|  |TAMS 0x000000070b900000, 0x000000070b900000| Untracked 
| 160|0x000000070ba00000, 0x000000070ba00000, 0x000000070bb00000|  0%| F|  |TAMS 0x000000070ba00000, 0x000000070ba00000| Untracked 
| 161|0x000000070bb00000, 0x000000070bb00000, 0x000000070bc00000|  0%| F|  |TAMS 0x000000070bb00000, 0x000000070bb00000| Untracked 
| 162|0x000000070bc00000, 0x000000070bc00000, 0x000000070bd00000|  0%| F|  |TAMS 0x000000070bc00000, 0x000000070bc00000| Untracked 
| 163|0x000000070bd00000, 0x000000070bd00000, 0x000000070be00000|  0%| F|  |TAMS 0x000000070bd00000, 0x000000070bd00000| Untracked 
| 164|0x000000070be00000, 0x000000070be00000, 0x000000070bf00000|  0%| F|  |TAMS 0x000000070be00000, 0x000000070be00000| Untracked 
| 165|0x000000070bf00000, 0x000000070bf00000, 0x000000070c000000|  0%| F|  |TAMS 0x000000070bf00000, 0x000000070bf00000| Untracked 
| 166|0x000000070c000000, 0x000000070c000000, 0x000000070c100000|  0%| F|  |TAMS 0x000000070c000000, 0x000000070c000000| Untracked 
| 167|0x000000070c100000, 0x000000070c100000, 0x000000070c200000|  0%| F|  |TAMS 0x000000070c100000, 0x000000070c100000| Untracked 
| 168|0x000000070c200000, 0x000000070c200000, 0x000000070c300000|  0%| F|  |TAMS 0x000000070c200000, 0x000000070c200000| Untracked 
| 169|0x000000070c300000, 0x000000070c300000, 0x000000070c400000|  0%| F|  |TAMS 0x000000070c300000, 0x000000070c300000| Untracked 
| 170|0x000000070c400000, 0x000000070c400000, 0x000000070c500000|  0%| F|  |TAMS 0x000000070c400000, 0x000000070c400000| Untracked 
| 171|0x000000070c500000, 0x000000070c500000, 0x000000070c600000|  0%| F|  |TAMS 0x000000070c500000, 0x000000070c500000| Untracked 
| 172|0x000000070c600000, 0x000000070c600000, 0x000000070c700000|  0%| F|  |TAMS 0x000000070c600000, 0x000000070c600000| Untracked 
| 173|0x000000070c700000, 0x000000070c700000, 0x000000070c800000|  0%| F|  |TAMS 0x000000070c700000, 0x000000070c700000| Untracked 
| 174|0x000000070c800000, 0x000000070c800000, 0x000000070c900000|  0%| F|  |TAMS 0x000000070c800000, 0x000000070c800000| Untracked 
| 175|0x000000070c900000, 0x000000070c900000, 0x000000070ca00000|  0%| F|  |TAMS 0x000000070c900000, 0x000000070c900000| Untracked 
| 176|0x000000070ca00000, 0x000000070ca00000, 0x000000070cb00000|  0%| F|  |TAMS 0x000000070ca00000, 0x000000070ca00000| Untracked 
| 177|0x000000070cb00000, 0x000000070cb00000, 0x000000070cc00000|  0%| F|  |TAMS 0x000000070cb00000, 0x000000070cb00000| Untracked 
| 178|0x000000070cc00000, 0x000000070cc00000, 0x000000070cd00000|  0%| F|  |TAMS 0x000000070cc00000, 0x000000070cc00000| Untracked 
| 179|0x000000070cd00000, 0x000000070cd00000, 0x000000070ce00000|  0%| F|  |TAMS 0x000000070cd00000, 0x000000070cd00000| Untracked 
| 180|0x000000070ce00000, 0x000000070ce00000, 0x000000070cf00000|  0%| F|  |TAMS 0x000000070ce00000, 0x000000070ce00000| Untracked 
| 181|0x000000070cf00000, 0x000000070cf00000, 0x000000070d000000|  0%| F|  |TAMS 0x000000070cf00000, 0x000000070cf00000| Untracked 
| 182|0x000000070d000000, 0x000000070d000000, 0x000000070d100000|  0%| F|  |TAMS 0x000000070d000000, 0x000000070d000000| Untracked 
| 183|0x000000070d100000, 0x000000070d100000, 0x000000070d200000|  0%| F|  |TAMS 0x000000070d100000, 0x000000070d100000| Untracked 
| 184|0x000000070d200000, 0x000000070d200000, 0x000000070d300000|  0%| F|  |TAMS 0x000000070d200000, 0x000000070d200000| Untracked 
| 185|0x000000070d300000, 0x000000070d300000, 0x000000070d400000|  0%| F|  |TAMS 0x000000070d300000, 0x000000070d300000| Untracked 
| 186|0x000000070d400000, 0x000000070d400000, 0x000000070d500000|  0%| F|  |TAMS 0x000000070d400000, 0x000000070d400000| Untracked 
| 187|0x000000070d500000, 0x000000070d500000, 0x000000070d600000|  0%| F|  |TAMS 0x000000070d500000, 0x000000070d500000| Untracked 
| 188|0x000000070d600000, 0x000000070d600000, 0x000000070d700000|  0%| F|  |TAMS 0x000000070d600000, 0x000000070d600000| Untracked 
| 189|0x000000070d700000, 0x000000070d700000, 0x000000070d800000|  0%| F|  |TAMS 0x000000070d700000, 0x000000070d700000| Untracked 
| 190|0x000000070d800000, 0x000000070d800000, 0x000000070d900000|  0%| F|  |TAMS 0x000000070d800000, 0x000000070d800000| Untracked 
| 191|0x000000070d900000, 0x000000070d900000, 0x000000070da00000|  0%| F|  |TAMS 0x000000070d900000, 0x000000070d900000| Untracked 
| 192|0x000000070da00000, 0x000000070da00000, 0x000000070db00000|  0%| F|  |TAMS 0x000000070da00000, 0x000000070da00000| Untracked 
| 193|0x000000070db00000, 0x000000070db00000, 0x000000070dc00000|  0%| F|  |TAMS 0x000000070db00000, 0x000000070db00000| Untracked 
| 194|0x000000070dc00000, 0x000000070dc00000, 0x000000070dd00000|  0%| F|  |TAMS 0x000000070dc00000, 0x000000070dc00000| Untracked 
| 195|0x000000070dd00000, 0x000000070dd00000, 0x000000070de00000|  0%| F|  |TAMS 0x000000070dd00000, 0x000000070dd00000| Untracked 
| 196|0x000000070de00000, 0x000000070de00000, 0x000000070df00000|  0%| F|  |TAMS 0x000000070de00000, 0x000000070de00000| Untracked 
| 197|0x000000070df00000, 0x000000070df00000, 0x000000070e000000|  0%| F|  |TAMS 0x000000070df00000, 0x000000070df00000| Untracked 
| 198|0x000000070e000000, 0x000000070e000000, 0x000000070e100000|  0%| F|  |TAMS 0x000000070e000000, 0x000000070e000000| Untracked 
| 199|0x000000070e100000, 0x000000070e100000, 0x000000070e200000|  0%| F|  |TAMS 0x000000070e100000, 0x000000070e100000| Untracked 
| 200|0x000000070e200000, 0x000000070e200000, 0x000000070e300000|  0%| F|  |TAMS 0x000000070e200000, 0x000000070e200000| Untracked 
| 201|0x000000070e300000, 0x000000070e300000, 0x000000070e400000|  0%| F|  |TAMS 0x000000070e300000, 0x000000070e300000| Untracked 
| 202|0x000000070e400000, 0x000000070e400000, 0x000000070e500000|  0%| F|  |TAMS 0x000000070e400000, 0x000000070e400000| Untracked 
| 203|0x000000070e500000, 0x000000070e500000, 0x000000070e600000|  0%| F|  |TAMS 0x000000070e500000, 0x000000070e500000| Untracked 
| 204|0x000000070e600000, 0x000000070e600000, 0x000000070e700000|  0%| F|  |TAMS 0x000000070e600000, 0x000000070e600000| Untracked 
| 205|0x000000070e700000, 0x000000070e700000, 0x000000070e800000|  0%| F|  |TAMS 0x000000070e700000, 0x000000070e700000| Untracked 
| 206|0x000000070e800000, 0x000000070e800000, 0x000000070e900000|  0%| F|  |TAMS 0x000000070e800000, 0x000000070e800000| Untracked 
| 207|0x000000070e900000, 0x000000070e900000, 0x000000070ea00000|  0%| F|  |TAMS 0x000000070e900000, 0x000000070e900000| Untracked 
| 208|0x000000070ea00000, 0x000000070ea00000, 0x000000070eb00000|  0%| F|  |TAMS 0x000000070ea00000, 0x000000070ea00000| Untracked 
| 209|0x000000070eb00000, 0x000000070eb00000, 0x000000070ec00000|  0%| F|  |TAMS 0x000000070eb00000, 0x000000070eb00000| Untracked 
| 210|0x000000070ec00000, 0x000000070ec00000, 0x000000070ed00000|  0%| F|  |TAMS 0x000000070ec00000, 0x000000070ec00000| Untracked 
| 211|0x000000070ed00000, 0x000000070ed00000, 0x000000070ee00000|  0%| F|  |TAMS 0x000000070ed00000, 0x000000070ed00000| Untracked 
| 212|0x000000070ee00000, 0x000000070ee00000, 0x000000070ef00000|  0%| F|  |TAMS 0x000000070ee00000, 0x000000070ee00000| Untracked 
| 213|0x000000070ef00000, 0x000000070ef00000, 0x000000070f000000|  0%| F|  |TAMS 0x000000070ef00000, 0x000000070ef00000| Untracked 
| 214|0x000000070f000000, 0x000000070f000000, 0x000000070f100000|  0%| F|  |TAMS 0x000000070f000000, 0x000000070f000000| Untracked 
| 215|0x000000070f100000, 0x000000070f100000, 0x000000070f200000|  0%| F|  |TAMS 0x000000070f100000, 0x000000070f100000| Untracked 
| 216|0x000000070f200000, 0x000000070f200000, 0x000000070f300000|  0%| F|  |TAMS 0x000000070f200000, 0x000000070f200000| Untracked 
| 217|0x000000070f300000, 0x000000070f300000, 0x000000070f400000|  0%| F|  |TAMS 0x000000070f300000, 0x000000070f300000| Untracked 
| 218|0x000000070f400000, 0x000000070f400000, 0x000000070f500000|  0%| F|  |TAMS 0x000000070f400000, 0x000000070f400000| Untracked 
| 219|0x000000070f500000, 0x000000070f500000, 0x000000070f600000|  0%| F|  |TAMS 0x000000070f500000, 0x000000070f500000| Untracked 
| 220|0x000000070f600000, 0x000000070f600000, 0x000000070f700000|  0%| F|  |TAMS 0x000000070f600000, 0x000000070f600000| Untracked 
| 221|0x000000070f700000, 0x000000070f700000, 0x000000070f800000|  0%| F|  |TAMS 0x000000070f700000, 0x000000070f700000| Untracked 
| 222|0x000000070f800000, 0x000000070f800000, 0x000000070f900000|  0%| F|  |TAMS 0x000000070f800000, 0x000000070f800000| Untracked 
| 223|0x000000070f900000, 0x000000070f900000, 0x000000070fa00000|  0%| F|  |TAMS 0x000000070f900000, 0x000000070f900000| Untracked 
| 224|0x000000070fa00000, 0x000000070fa00000, 0x000000070fb00000|  0%| F|  |TAMS 0x000000070fa00000, 0x000000070fa00000| Untracked 
| 225|0x000000070fb00000, 0x000000070fb00000, 0x000000070fc00000|  0%| F|  |TAMS 0x000000070fb00000, 0x000000070fb00000| Untracked 
| 226|0x000000070fc00000, 0x000000070fc00000, 0x000000070fd00000|  0%| F|  |TAMS 0x000000070fc00000, 0x000000070fc00000| Untracked 
| 227|0x000000070fd00000, 0x000000070fd00000, 0x000000070fe00000|  0%| F|  |TAMS 0x000000070fd00000, 0x000000070fd00000| Untracked 
| 228|0x000000070fe00000, 0x000000070fe00000, 0x000000070ff00000|  0%| F|  |TAMS 0x000000070fe00000, 0x000000070fe00000| Untracked 
| 229|0x000000070ff00000, 0x000000070ff00000, 0x0000000710000000|  0%| F|  |TAMS 0x000000070ff00000, 0x000000070ff00000| Untracked 
| 230|0x0000000710000000, 0x0000000710000000, 0x0000000710100000|  0%| F|  |TAMS 0x0000000710000000, 0x0000000710000000| Untracked 
| 231|0x0000000710100000, 0x0000000710100000, 0x0000000710200000|  0%| F|  |TAMS 0x0000000710100000, 0x0000000710100000| Untracked 
| 232|0x0000000710200000, 0x0000000710200000, 0x0000000710300000|  0%| F|  |TAMS 0x0000000710200000, 0x0000000710200000| Untracked 
| 233|0x0000000710300000, 0x0000000710300000, 0x0000000710400000|  0%| F|  |TAMS 0x0000000710300000, 0x0000000710300000| Untracked 
| 234|0x0000000710400000, 0x0000000710400000, 0x0000000710500000|  0%| F|  |TAMS 0x0000000710400000, 0x0000000710400000| Untracked 
| 235|0x0000000710500000, 0x0000000710500000, 0x0000000710600000|  0%| F|  |TAMS 0x0000000710500000, 0x0000000710500000| Untracked 
| 236|0x0000000710600000, 0x0000000710600000, 0x0000000710700000|  0%| F|  |TAMS 0x0000000710600000, 0x0000000710600000| Untracked 
| 237|0x0000000710700000, 0x0000000710700000, 0x0000000710800000|  0%| F|  |TAMS 0x0000000710700000, 0x0000000710700000| Untracked 
| 238|0x0000000710800000, 0x0000000710800000, 0x0000000710900000|  0%| F|  |TAMS 0x0000000710800000, 0x0000000710800000| Untracked 
| 239|0x0000000710900000, 0x0000000710900000, 0x0000000710a00000|  0%| F|  |TAMS 0x0000000710900000, 0x0000000710900000| Untracked 
| 240|0x0000000710a00000, 0x0000000710a00000, 0x0000000710b00000|  0%| F|  |TAMS 0x0000000710a00000, 0x0000000710a00000| Untracked 
| 241|0x0000000710b00000, 0x0000000710b00000, 0x0000000710c00000|  0%| F|  |TAMS 0x0000000710b00000, 0x0000000710b00000| Untracked 
| 242|0x0000000710c00000, 0x0000000710c00000, 0x0000000710d00000|  0%| F|  |TAMS 0x0000000710c00000, 0x0000000710c00000| Untracked 
| 243|0x0000000710d00000, 0x0000000710d7b740, 0x0000000710e00000| 48%| E|  |TAMS 0x0000000710d00000, 0x0000000710d00000| Complete 
| 244|0x0000000710e00000, 0x0000000710f00000, 0x0000000710f00000|100%| E|CS|TAMS 0x0000000710e00000, 0x0000000710e00000| Complete 
| 245|0x0000000710f00000, 0x0000000711000000, 0x0000000711000000|100%| E|CS|TAMS 0x0000000710f00000, 0x0000000710f00000| Complete 
| 246|0x0000000711000000, 0x0000000711100000, 0x0000000711100000|100%| E|CS|TAMS 0x0000000711000000, 0x0000000711000000| Complete 
| 247|0x0000000711100000, 0x0000000711200000, 0x0000000711200000|100%| E|CS|TAMS 0x0000000711100000, 0x0000000711100000| Complete 
| 248|0x0000000711200000, 0x0000000711300000, 0x0000000711300000|100%| E|CS|TAMS 0x0000000711200000, 0x0000000711200000| Complete 
| 249|0x0000000711300000, 0x0000000711400000, 0x0000000711400000|100%| E|CS|TAMS 0x0000000711300000, 0x0000000711300000| Complete 
| 250|0x0000000711400000, 0x0000000711500000, 0x0000000711500000|100%| E|CS|TAMS 0x0000000711400000, 0x0000000711400000| Complete 
| 251|0x0000000711500000, 0x0000000711600000, 0x0000000711600000|100%| E|CS|TAMS 0x0000000711500000, 0x0000000711500000| Complete 
| 252|0x0000000711600000, 0x0000000711700000, 0x0000000711700000|100%| E|CS|TAMS 0x0000000711600000, 0x0000000711600000| Complete 
| 253|0x0000000711700000, 0x0000000711800000, 0x0000000711800000|100%| E|CS|TAMS 0x0000000711700000, 0x0000000711700000| Complete 
| 254|0x0000000711800000, 0x0000000711900000, 0x0000000711900000|100%| E|CS|TAMS 0x0000000711800000, 0x0000000711800000| Complete 
| 255|0x0000000711900000, 0x0000000711a00000, 0x0000000711a00000|100%| E|CS|TAMS 0x0000000711900000, 0x0000000711900000| Complete 

Card table byte_map: [0x000002baff710000,0x000002bafff10000] _byte_map_base: 0x000002bafbf03000

Marking Bits (Prev, Next): (CMBitMap*) 0x000002bafcb5c0c8, (CMBitMap*) 0x000002bafcb5c100
 Prev Bits: [0x000002ba98020000, 0x000002ba9bfb8000)
 Next Bits: [0x000002ba9bfc0000, 0x000002ba9ff58000)

Polling page: 0x000002bafccc0000

Metaspace:

Usage:
  Non-class:     12.10 MB capacity,    11.87 MB ( 98%) used,   195.72 KB (  2%) free+waste,    40.69 KB ( <1%) overhead. 
      Class:      1.55 MB capacity,     1.35 MB ( 87%) used,   180.30 KB ( 11%) free+waste,    22.56 KB (  1%) overhead. 
       Both:     13.65 MB capacity,    13.22 MB ( 97%) used,   376.02 KB (  3%) free+waste,    63.25 KB ( <1%) overhead. 

Virtual space:
  Non-class space:       14.00 MB reserved,      12.25 MB ( 88%) committed 
      Class space:        1.00 GB reserved,       1.63 MB ( <1%) committed 
             Both:        1.01 GB reserved,      13.88 MB (  1%) committed 

Chunk freelists:
   Non-Class:  26.00 KB
       Class:  12.00 KB
        Both:  38.00 KB

MaxMetaspaceSize: 17179869184.00 GB
CompressedClassSpaceSize: 1.00 GB

CodeHeap 'non-profiled nmethods': size=120000Kb used=403Kb max_used=403Kb free=119596Kb
 bounds [0x000002ba902f0000, 0x000002ba90560000, 0x000002ba97820000]
CodeHeap 'profiled nmethods': size=120000Kb used=1659Kb max_used=1659Kb free=118340Kb
 bounds [0x000002ba88dc0000, 0x000002ba89030000, 0x000002ba902f0000]
CodeHeap 'non-nmethods': size=5760Kb used=1175Kb max_used=1206Kb free=4584Kb
 bounds [0x000002ba88820000, 0x000002ba88a90000, 0x000002ba88dc0000]
 total_blobs=1972 nmethods=943 adapters=424
 compilation: enabled
              stopped_count=0, restarted_count=0
 full_count=0

Compilation events (20 events):
Event: 4.247 Thread 0x000002baa33e1800 nmethod 934 0x000002ba90350590 code [0x000002ba90350740, 0x000002ba90350c18]
Event: 4.274 Thread 0x000002baa33e1800  935       4       java.lang.String::indexOf (7 bytes)
Event: 4.277 Thread 0x000002baa33e1800 nmethod 935 0x000002ba90351010 code [0x000002ba903511a0, 0x000002ba903513b8]
Event: 4.280 Thread 0x000002baa33eb800  937       3       java.nio.CharBuffer::position (8 bytes)
Event: 4.280 Thread 0x000002baa33eb800 nmethod 937 0x000002ba88f5b390 code [0x000002ba88f5b540, 0x000002ba88f5b6f0]
Event: 4.280 Thread 0x000002baa33eb800  936       3       java.nio.CharBuffer::position (6 bytes)
Event: 4.280 Thread 0x000002baa33eb800 nmethod 936 0x000002ba88f5b790 code [0x000002ba88f5b960, 0x000002ba88f5bb70]
Event: 4.319 Thread 0x000002baa33e1800  938       4       sun.java2d.SunGraphics2D::setPaint (158 bytes)
Event: 4.322 Thread 0x000002baa33e1800 nmethod 938 0x000002ba90351510 code [0x000002ba903516e0, 0x000002ba90351ab8]
Event: 4.322 Thread 0x000002baa33e1800  939       4       sun.java2d.SunGraphics2D::clearRect (49 bytes)
Event: 4.330 Thread 0x000002baa33eb800  940       3       jdk.internal.misc.Unsafe::allocateUninitializedArray (52 bytes)
Event: 4.330 Thread 0x000002baa33eb800 nmethod 940 0x000002ba88f5bc90 code [0x000002ba88f5bea0, 0x000002ba88f5c380]
Event: 4.330 Thread 0x000002baa33eb800  941       3       java.lang.StringConcatHelper::newString (46 bytes)
Event: 4.331 Thread 0x000002baa33eb800 nmethod 941 0x000002ba88f5c510 code [0x000002ba88f5c7a0, 0x000002ba88f5d2d0]
Event: 4.331 Thread 0x000002baa33eb800  942   !   3       java.io.PrintStream::write (83 bytes)
Event: 4.332 Thread 0x000002baa33eb800 nmethod 942 0x000002ba88f5d690 code [0x000002ba88f5d940, 0x000002ba88f5e680]
Event: 4.332 Thread 0x000002baa33e1800 nmethod 939 0x000002ba90351d90 code [0x000002ba90352000, 0x000002ba90352d90]
Event: 4.344 Thread 0x000002baa33e1800  943 %     4       java.util.Arrays::toString @ 37 (73 bytes)
Event: 4.359 Thread 0x000002baa33e1800 nmethod 943% 0x000002ba90353890 code [0x000002ba90353a80, 0x000002ba90354828]
Event: 4.361 Thread 0x000002baa33e1800  944 %     4       gameOfLife.Gyvenimas::paint @ 677 (746 bytes)

GC Heap History (0 events):
No events

Deoptimization events (20 events):
Event: 2.427 Thread 0x000002baa3e7b800 DEOPT PACKING pc=0x000002ba9033aef0 sp=0x000000c6de7faf10
Event: 2.427 Thread 0x000002baa3e7b800 DEOPT UNPACKING pc=0x000002ba888491af sp=0x000000c6de7faed0 mode 2
Event: 2.427 Thread 0x000002baa3e7b800 Uncommon trap: trap_request=0xffffffde fr.pc=0x000002ba90339534 relative=0x00000000000001b4
Event: 2.427 Thread 0x000002baa3e7b800 Uncommon trap: reason=class_check action=maybe_recompile pc=0x000002ba90339534 method=sun.java2d.SunGraphics2D.drawRect(IIII)V @ 10 c2
Event: 2.427 Thread 0x000002baa3e7b800 DEOPT PACKING pc=0x000002ba90339534 sp=0x000000c6de7fb020
Event: 2.428 Thread 0x000002baa3e7b800 DEOPT UNPACKING pc=0x000002ba888491af sp=0x000000c6de7faf60 mode 2
Event: 2.428 Thread 0x000002baa3e7b800 Uncommon trap: trap_request=0xffffffde fr.pc=0x000002ba9033a070 relative=0x0000000000000170
Event: 2.428 Thread 0x000002baa3e7b800 Uncommon trap: reason=class_check action=maybe_recompile pc=0x000002ba9033a070 method=sun.java2d.SunGraphics2D.drawRect(IIII)V @ 10 c2
Event: 2.428 Thread 0x000002baa3e7b800 DEOPT PACKING pc=0x000002ba9033a070 sp=0x000000c6de7fafa0
Event: 2.428 Thread 0x000002baa3e7b800 DEOPT UNPACKING pc=0x000002ba888491af sp=0x000000c6de7faf60 mode 2
Event: 3.701 Thread 0x000002baa3e7b800 DEOPT PACKING pc=0x000002ba88e5955b sp=0x000000c6de7fad50
Event: 3.701 Thread 0x000002baa3e7b800 DEOPT UNPACKING pc=0x000002ba88848fce sp=0x000000c6de7fa1c8 mode 0
Event: 4.166 Thread 0x000002baa3e7b800 Uncommon trap: trap_request=0xffffff4d fr.pc=0x000002ba90344a84 relative=0x0000000000001064
Event: 4.166 Thread 0x000002baa3e7b800 Uncommon trap: reason=unstable_if action=reinterpret pc=0x000002ba90344a84 method=gameOfLife.Gyvenimas.kaimynuTikrinimas(IILjava/util/List;)I @ 139 c2
Event: 4.166 Thread 0x000002baa3e7b800 DEOPT PACKING pc=0x000002ba90344a84 sp=0x000000c6de7fb070
Event: 4.166 Thread 0x000002baa3e7b800 DEOPT UNPACKING pc=0x000002ba888491af sp=0x000000c6de7fb010 mode 2
Event: 4.241 Thread 0x000002baa3e7b800 DEOPT PACKING pc=0x000002ba88f21e77 sp=0x000000c6de7fa910
Event: 4.241 Thread 0x000002baa3e7b800 DEOPT UNPACKING pc=0x000002ba88848fce sp=0x000000c6de7f9e78 mode 0
Event: 4.402 Thread 0x000002baa3e7b800 DEOPT PACKING pc=0x000002ba88f31dbb sp=0x000000c6de7fade0
Event: 4.402 Thread 0x000002baa3e7b800 DEOPT UNPACKING pc=0x000002ba88848fce sp=0x000000c6de7fa2f8 mode 0

Classes redefined (0 events):
No events

Internal exceptions (20 events):
Event: 0.202 Thread 0x000002bafcbee000 Exception <a 'java/lang/NoSuchMethodError'{0x000000071167e268}: 'java.lang.Object java.lang.invoke.DirectMethodHandle$Holder.invokeStatic(java.lang.Object, java.lang.Object, java.lang.Object, java.lang.Object, java.lang.Object, java.lang.Object, java.lang
Event: 0.203 Thread 0x000002bafcbee000 Exception <a 'java/lang/NoSuchMethodError'{0x000000071168bfd8}: 'java.lang.Object java.lang.invoke.DirectMethodHandle$Holder.invokeStatic(java.lang.Object, java.lang.Object, java.lang.Object, java.lang.Object, java.lang.Object, java.lang.Object, java.lang
Event: 0.204 Thread 0x000002bafcbee000 Exception <a 'java/lang/NoSuchMethodError'{0x0000000711699c48}: 'java.lang.Object java.lang.invoke.DirectMethodHandle$Holder.invokeSpecial(java.lang.Object, java.lang.Object, int, int, java.lang.Object, java.lang.Object, java.lang.Object)'> (0x00000007116
Event: 0.204 Thread 0x000002bafcbee000 Exception <a 'java/lang/NoSuchMethodError'{0x000000071169d1d8}: 'java.lang.Object java.lang.invoke.DelegatingMethodHandle$Holder.reinvoke_L(java.lang.Object, int, int, java.lang.Object, java.lang.Object, java.lang.Object)'> (0x000000071169d1d8) thrown at 
Event: 0.205 Thread 0x000002bafcbee000 Exception <a 'java/lang/NoSuchMethodError'{0x00000007116a12b8}: 'java.lang.Object java.lang.invoke.DirectMethodHandle$Holder.invokeStatic(java.lang.Object, java.lang.Object, java.lang.Object, java.lang.Object, int)'> (0x00000007116a12b8) thrown at [c:/jen
Event: 0.212 Thread 0x000002bafcbee000 Exception <a 'java/io/FileNotFoundException'{0x00000007115042b8}> (0x00000007115042b8) thrown at [c:/jenkins/workspace/zulu11-build-win64/zulu-src/src/hotspot/share/prims/jni.cpp, line 615]
Event: 0.257 Thread 0x000002baa3a91000 Exception <a 'java/lang/NoSuchMethodError'{0x00000007115fb4e8}: 'void java.lang.invoke.DirectMethodHandle$Holder.invokeSpecial(java.lang.Object, java.lang.Object)'> (0x00000007115fb4e8) thrown at [c:/jenkins/workspace/zulu11-build-win64/zulu-src/src/hotsp
Event: 0.260 Thread 0x000002bafcbee000 Exception <a 'java/lang/NoSuchMethodError'{0x00000007115aa940}: 'java.lang.Object java.lang.invoke.DirectMethodHandle$Holder.invokeStatic(java.lang.Object, java.lang.Object, java.lang.Object, java.lang.Object, java.lang.Object, java.lang.Object, java.lang
Event: 0.262 Thread 0x000002bafcbee000 Exception <a 'java/lang/NoSuchMethodError'{0x00000007115c48a0}: 'java.lang.Object java.lang.invoke.DirectMethodHandle$Holder.invokeStatic(java.lang.Object, java.lang.Object, java.lang.Object, java.lang.Object, java.lang.Object, java.lang.Object, java.lang
Event: 0.300 Thread 0x000002bafcbee000 Exception <a 'java/lang/NoSuchMethodError'{0x0000000711360a58}: 'java.lang.Object java.lang.invoke.DirectMethodHandle$Holder.invokeStatic(java.lang.Object, int, java.lang.Object, java.lang.Object, java.lang.Object, java.lang.Object)'> (0x0000000711360a58)
Event: 0.300 Thread 0x000002bafcbee000 Exception <a 'java/lang/NoSuchMethodError'{0x0000000711367b18}: 'java.lang.Object java.lang.invoke.DirectMethodHandle$Holder.invokeStatic(java.lang.Object, int, java.lang.Object, java.lang.Object, java.lang.Object)'> (0x0000000711367b18) thrown at [c:/jen
Event: 0.300 Thread 0x000002bafcbee000 Exception <a 'java/lang/NoSuchMethodError'{0x000000071136b660}: 'java.lang.Object java.lang.invoke.DirectMethodHandle$Holder.invokeSpecial(java.lang.Object, java.lang.Object, int, java.lang.Object, java.lang.Object, java.lang.Object)'> (0x000000071136b660
Event: 0.319 Thread 0x000002bafcbee000 Exception <a 'java/lang/ClassNotFoundException'{0x000000071122ae68}: com/sun/swing/internal/plaf/metal/resources/spi/metalProvider> (0x000000071122ae68) thrown at [c:/jenkins/workspace/zulu11-build-win64/zulu-src/src/hotspot/share/classfile/systemDictiona
Event: 0.320 Thread 0x000002bafcbee000 Exception <a 'java/lang/ClassNotFoundException'{0x000000071122f0a8}: com/sun/swing/internal/plaf/basic/resources/spi/basicProvider> (0x000000071122f0a8) thrown at [c:/jenkins/workspace/zulu11-build-win64/zulu-src/src/hotspot/share/classfile/systemDictiona
Event: 0.354 Thread 0x000002bafcbee000 Exception <a 'java/lang/NoSuchMethodError'{0x000000071110b660}: 'void java.lang.invoke.DirectMethodHandle$Holder.invokeStaticInit(java.lang.Object)'> (0x000000071110b660) thrown at [c:/jenkins/workspace/zulu11-build-win64/zulu-src/src/hotspot/share/interp
Event: 0.386 Thread 0x000002bafcbee000 Exception <a 'java/lang/NoSuchMethodError'{0x000000071104eb80}: 'java.lang.Object java.lang.invoke.DirectMethodHandle$Holder.invokeStatic(java.lang.Object, java.lang.Object, java.lang.Object, java.lang.Object, java.lang.Object, java.lang.Object, java.lang
Event: 0.388 Thread 0x000002bafcbee000 Exception <a 'java/lang/NoSuchMethodError'{0x000000071106cd88}: 'java.lang.Object java.lang.invoke.DirectMethodHandle$Holder.invokeStatic(java.lang.Object, java.lang.Object, java.lang.Object, java.lang.Object, java.lang.Object, java.lang.Object, java.lang
Event: 0.390 Thread 0x000002bafcbee000 Exception <a 'java/lang/NoSuchMethodError'{0x000000071108c148}: 'java.lang.Object java.lang.invoke.DirectMethodHandle$Holder.invokeStatic(java.lang.Object, java.lang.Object, java.lang.Object, java.lang.Object, java.lang.Object, java.lang.Object, java.lang
Event: 0.390 Thread 0x000002bafcbee000 Exception <a 'java/lang/NoSuchMethodError'{0x00000007110980f8}: 'java.lang.Object java.lang.invoke.Invokers$Holder.linkToTargetMethod(java.lang.Object, int, java.lang.Object)'> (0x00000007110980f8) thrown at [c:/jenkins/workspace/zulu11-build-win64/zulu-s
Event: 1.029 Thread 0x000002bafca87000 Exception <a 'java/lang/NoSuchMethodError'{0x0000000710f92fa0}: 'java.lang.Object java.lang.invoke.DirectMethodHandle$Holder.invokeStaticInit(java.lang.Object, int)'> (0x0000000710f92fa0) thrown at [c:/jenkins/workspace/zulu11-build-win64/zulu-src/src/hot

Events (20 events):
Event: 1.031 loading class java/util/stream/Nodes$ArrayNode done
Event: 1.031 loading class java/util/stream/Nodes$FixedNodeBuilder done
Event: 1.031 loading class java/util/stream/SortedOps$SizedRefSortingSink
Event: 1.031 loading class java/util/stream/SortedOps$AbstractRefSortingSink
Event: 1.031 loading class java/util/stream/SortedOps$AbstractRefSortingSink done
Event: 1.032 loading class java/util/stream/SortedOps$SizedRefSortingSink done
Event: 1.032 loading class java/util/Collections$UnmodifiableMap$UnmodifiableEntrySet
Event: 1.032 loading class java/util/Collections$UnmodifiableMap$UnmodifiableEntrySet done
Event: 1.032 loading class java/util/Collections$UnmodifiableMap$UnmodifiableEntrySet$1
Event: 1.032 loading class java/util/Collections$UnmodifiableMap$UnmodifiableEntrySet$1 done
Event: 1.032 loading class java/util/Collections$UnmodifiableMap$UnmodifiableEntrySet$UnmodifiableEntry
Event: 1.032 loading class java/util/Collections$UnmodifiableMap$UnmodifiableEntrySet$UnmodifiableEntry done
Event: 1.033 loading class sun/util/resources/TimeZoneNames
Event: 1.034 loading class sun/util/resources/TimeZoneNames done
Event: 1.034 loading class sun/util/resources/TimeZoneNames_en
Event: 1.034 loading class sun/util/resources/TimeZoneNames_en done
Event: 1.045 Thread 0x000002baa3f50000 Thread added: 0x000002baa3f50000
Event: 2.427 Executing VM operation: RevokeBias
Event: 2.427 Executing VM operation: RevokeBias done
Event: 2.639 Thread 0x000002baa3f50000 Thread exited: 0x000002baa3f50000


Dynamic libraries:
0x00007ff690a90000 - 0x00007ff690a9d000 	C:\Program Files\Zulu\zulu-11\bin\java.exe
0x00007ff9cee80000 - 0x00007ff9cf06d000 	C:\WINDOWS\SYSTEM32\ntdll.dll
0x00007ff9cd580000 - 0x00007ff9cd633000 	C:\WINDOWS\System32\KERNEL32.DLL
0x00007ff9cb250000 - 0x00007ff9cb4e3000 	C:\WINDOWS\System32\KERNELBASE.dll
0x00007ff9cbfa0000 - 0x00007ff9cc09a000 	C:\WINDOWS\System32\ucrtbase.dll
0x00007ff9b8f90000 - 0x00007ff9b8fa5000 	C:\Program Files\Zulu\zulu-11\bin\VCRUNTIME140.dll
0x00007ff9b9010000 - 0x00007ff9b9027000 	C:\Program Files\Zulu\zulu-11\bin\jli.dll
0x00007ff9cd210000 - 0x00007ff9cd3a7000 	C:\WINDOWS\System32\USER32.dll
0x00007ff9b40d0000 - 0x00007ff9b4349000 	C:\WINDOWS\WinSxS\amd64_microsoft.windows.common-controls_6595b64144ccf1df_6.0.17763.1039_none_de701650534c7021\COMCTL32.dll
0x00007ff9cbf80000 - 0x00007ff9cbfa0000 	C:\WINDOWS\System32\win32u.dll
0x00007ff9cd640000 - 0x00007ff9cd6de000 	C:\WINDOWS\System32\msvcrt.dll
0x00007ff9cebe0000 - 0x00007ff9cec09000 	C:\WINDOWS\System32\GDI32.dll
0x00007ff9cbd40000 - 0x00007ff9cbed9000 	C:\WINDOWS\System32\gdi32full.dll
0x00007ff9cc250000 - 0x00007ff9cc57c000 	C:\WINDOWS\System32\combase.dll
0x00007ff9cbee0000 - 0x00007ff9cbf80000 	C:\WINDOWS\System32\msvcp_win.dll
0x00007ff9ced20000 - 0x00007ff9cee42000 	C:\WINDOWS\System32\RPCRT4.dll
0x00007ff9cafa0000 - 0x00007ff9cb01e000 	C:\WINDOWS\System32\bcryptPrimitives.dll
0x00007ff9cd1e0000 - 0x00007ff9cd20e000 	C:\WINDOWS\System32\IMM32.DLL
0x00007ff985980000 - 0x00007ff985a1b000 	C:\Program Files\Zulu\zulu-11\bin\msvcp140.dll
0x00007ff960bc0000 - 0x00007ff96167d000 	C:\Program Files\Zulu\zulu-11\bin\server\jvm.dll
0x00007ff9cc100000 - 0x00007ff9cc1a3000 	C:\WINDOWS\System32\ADVAPI32.dll
0x00007ff9cc1b0000 - 0x00007ff9cc24e000 	C:\WINDOWS\System32\sechost.dll
0x00007ff9ccf90000 - 0x00007ff9ccf98000 	C:\WINDOWS\System32\PSAPI.DLL
0x00007ff9c6890000 - 0x00007ff9c6899000 	C:\WINDOWS\SYSTEM32\WSOCK32.dll
0x00007ff9c0800000 - 0x00007ff9c0824000 	C:\WINDOWS\SYSTEM32\WINMM.dll
0x00007ff9c6210000 - 0x00007ff9c621a000 	C:\WINDOWS\SYSTEM32\VERSION.dll
0x00007ff9ccf20000 - 0x00007ff9ccf8d000 	C:\WINDOWS\System32\WS2_32.dll
0x00007ff9c07d0000 - 0x00007ff9c07fd000 	C:\WINDOWS\SYSTEM32\WINMMBASE.dll
0x00007ff9cbcf0000 - 0x00007ff9cbd3a000 	C:\WINDOWS\System32\cfgmgr32.dll
0x00007ff9cae90000 - 0x00007ff9caea1000 	C:\WINDOWS\System32\kernel.appcore.dll
0x00007ff9c6e50000 - 0x00007ff9c6e60000 	C:\Program Files\Zulu\zulu-11\bin\verify.dll
0x00007ff9c9900000 - 0x00007ff9c9aed000 	C:\WINDOWS\SYSTEM32\DBGHELP.DLL
0x00007ff9c39f0000 - 0x00007ff9c3a1a000 	C:\WINDOWS\SYSTEM32\dbgcore.DLL
0x00007ff9b8af0000 - 0x00007ff9b8b18000 	C:\Program Files\Zulu\zulu-11\bin\java.dll
0x00007ff9c6f30000 - 0x00007ff9c6f3e000 	C:\Program Files\Zulu\zulu-11\bin\instrument.dll
0x00007ff9b8cc0000 - 0x00007ff9b8cd7000 	C:\Program Files\Zulu\zulu-11\bin\zip.dll
0x00007ff9b99d0000 - 0x00007ff9b99da000 	C:\Program Files\Zulu\zulu-11\bin\jimage.dll
0x00007ff9cd6e0000 - 0x00007ff9cebd4000 	C:\WINDOWS\System32\SHELL32.dll
0x00007ff9cc650000 - 0x00007ff9cc6f8000 	C:\WINDOWS\System32\shcore.dll
0x00007ff9cb4f0000 - 0x00007ff9cbc3d000 	C:\WINDOWS\System32\windows.storage.dll
0x00007ff9caf10000 - 0x00007ff9caf34000 	C:\WINDOWS\System32\profapi.dll
0x00007ff9caeb0000 - 0x00007ff9caf0d000 	C:\WINDOWS\System32\powrprof.dll
0x00007ff9cc710000 - 0x00007ff9cc762000 	C:\WINDOWS\System32\shlwapi.dll
0x00007ff9cb020000 - 0x00007ff9cb037000 	C:\WINDOWS\System32\cryptsp.dll
0x00007ff99e150000 - 0x00007ff99e169000 	C:\Program Files\Zulu\zulu-11\bin\net.dll
0x00007ff9c14c0000 - 0x00007ff9c15b2000 	C:\WINDOWS\SYSTEM32\WINHTTP.dll
0x00007ff9ca6e0000 - 0x00007ff9ca747000 	C:\WINDOWS\system32\mswsock.dll
0x00007ff99e130000 - 0x00007ff99e142000 	C:\Program Files\Zulu\zulu-11\bin\nio.dll
0x00007ff9c66d0000 - 0x00007ff9c66ea000 	C:\Program Files\JetBrains\IntelliJ IDEA Educational Edition 2019.3.1\bin\breakgen64.dll
0x00007ff99b980000 - 0x00007ff99bb19000 	C:\Program Files\Zulu\zulu-11\bin\awt.dll
0x00007ff9cc580000 - 0x00007ff9cc644000 	C:\WINDOWS\System32\OLEAUT32.dll
0x00007ff9c8e80000 - 0x00007ff9c8f0c000 	C:\WINDOWS\SYSTEM32\apphelp.dll
0x00007ff9c94b0000 - 0x00007ff9c94de000 	C:\WINDOWS\system32\DWMAPI.DLL
0x00007ff9cb070000 - 0x00007ff9cb24c000 	C:\WINDOWS\System32\CRYPT32.dll
0x00007ff9cae70000 - 0x00007ff9cae82000 	C:\WINDOWS\System32\MSASN1.dll
0x00007ff9c91a0000 - 0x00007ff9c923c000 	C:\WINDOWS\system32\uxtheme.dll
0x00007ff982360000 - 0x00007ff982487000 	C:\WINDOWS\system32\opengl32.dll
0x00007ff9b9470000 - 0x00007ff9b949c000 	C:\WINDOWS\SYSTEM32\GLU32.dll
0x00007ff9cd410000 - 0x00007ff9cd57c000 	C:\WINDOWS\System32\MSCTF.dll
0x00007ff9ccdc0000 - 0x00007ff9ccf15000 	C:\WINDOWS\System32\ole32.dll
0x00007ff9b5cc0000 - 0x00007ff9b5d42000 	C:\Program Files\Zulu\zulu-11\bin\freetype.dll
0x00007ff99d3b0000 - 0x00007ff99d456000 	C:\Program Files\Zulu\zulu-11\bin\fontmanager.dll
0x00007ff9b71b0000 - 0x00007ff9b7245000 	C:\WINDOWS\System32\TextInputFramework.dll
0x00007ff9bfc50000 - 0x00007ff9bff72000 	C:\WINDOWS\System32\CoreUIComponents.dll
0x00007ff9c8c40000 - 0x00007ff9c8d22000 	C:\WINDOWS\System32\CoreMessaging.dll
0x00007ff9c9ee0000 - 0x00007ff9c9f11000 	C:\WINDOWS\SYSTEM32\ntmarta.dll
0x00007ff9c7190000 - 0x00007ff9c72e3000 	C:\WINDOWS\SYSTEM32\wintypes.dll

dbghelp: loaded successfully - version: 4.0.5 - missing functions: none
symbol engine: initialized successfully - sym options: 0x614 - pdb path: .;C:\Program Files\Zulu\zulu-11\bin;C:\WINDOWS\SYSTEM32;C:\WINDOWS\WinSxS\amd64_microsoft.windows.common-controls_6595b64144ccf1df_6.0.17763.1039_none_de701650534c7021;C:\Program Files\Zulu\zulu-11\bin\server;C:\Program Files\JetBrains\IntelliJ IDEA Educational Edition 2019.3.1\bin

VM Arguments:
jvm_args: -javaagent:C:\Program Files\JetBrains\IntelliJ IDEA Educational Edition 2019.3.1\lib\idea_rt.jar=57479:C:\Program Files\JetBrains\IntelliJ IDEA Educational Edition 2019.3.1\bin -Dfile.encoding=UTF-8 
java_command: gameOfLife.GyvenimoTestas
java_class_path (initial): C:\Programavimas\Game of Life\out\production\Game of Life;C:\Program Files\Zulu\javafx-sdk-11.0.2
Launcher Type: SUN_STANDARD

[Global flags]
     intx CICompilerCount                          = 4                                         {product} {ergonomic}
     uint ConcGCThreads                            = 2                                         {product} {ergonomic}
     uint G1ConcRefinementThreads                  = 8                                         {product} {ergonomic}
   size_t G1HeapRegionSize                         = 1048576                                   {product} {ergonomic}
    uintx GCDrainStackTargetSize                   = 64                                        {product} {ergonomic}
   size_t InitialHeapSize                          = 268435456                                 {product} {ergonomic}
   size_t MarkStackSize                            = 4194304                                   {product} {ergonomic}
   size_t MaxHeapSize                              = 4267704320                                {product} {ergonomic}
   size_t MaxNewSize                               = 2560622592                                {product} {ergonomic}
   size_t MinHeapDeltaBytes                        = 1048576                                   {product} {ergonomic}
    uintx NonNMethodCodeHeapSize                   = 5836300                                {pd product} {ergonomic}
    uintx NonProfiledCodeHeapSize                  = 122910970                              {pd product} {ergonomic}
    uintx ProfiledCodeHeapSize                     = 122910970                              {pd product} {ergonomic}
    uintx ReservedCodeCacheSize                    = 251658240                              {pd product} {ergonomic}
     bool SegmentedCodeCache                       = true                                      {product} {ergonomic}
     bool UseCompressedClassPointers               = true                                 {lp64_product} {ergonomic}
     bool UseCompressedOops                        = true                                 {lp64_product} {ergonomic}
     bool UseG1GC                                  = true                                      {product} {ergonomic}
     bool UseLargePagesIndividualAllocation        = false                                  {pd product} {ergonomic}

Logging:
Log output configuration:
 #0: stdout all=warning uptime,level,tags
 #1: stderr all=off uptime,level,tags

Environment Variables:
PATH=C:\Python27\;C:\Python27\Scripts;C:\Program Files (x86)\Razer\ChromaBroadcast\bin;C:\Program Files\Razer\ChromaBroadcast\bin;C:\Program Files (x86)\Razer Chroma SDK\bin;C:\Program Files\Razer Chroma SDK\bin;C:\Program Files (x86)\Intel\Intel(R) Management Engine Components\iCLS\;C:\Program Files\Intel\Intel(R) Management Engine Components\iCLS\;C:\Windows\system32;C:\Windows;C:\Windows\System32\Wbem;C:\Windows\System32\WindowsPowerShell\v1.0\;C:\Windows\System32\OpenSSH\;C:\Program Files (x86)\Intel\Intel(R) Management Engine Components\DAL;C:\Program Files\Intel\Intel(R) Management Engine Components\DAL;C:\Users\Administrator\AppData\Local\Microsoft\WindowsApps;C:\WINDOWS\system32;C:\WINDOWS;C:\WINDOWS\System32\Wbem;C:\WINDOWS\System32\WindowsPowerShell\v1.0\;C:\WINDOWS\System32\OpenSSH\;C:\WINDOWS\system32\config\systemprofile\AppData\Local\Microsoft\WindowsApps;C:\Program Files\nodejs\;C:\ProgramData\chocolatey\bin;C:\Program Files\Java\jdk-13.0.2\bin;C:\Program Files\Git\cmd;C:\Program Files\MySQL\MySQL Utilities 1.6\;C:\Program Files\Zulu\zulu-11\bin\;C:\Program Files\MySQL\MySQL Shell 8.0\bin\;C:\Users\user\AppData\Local\Microsoft\WindowsApps;C:\Users\user\AppData\Local\Programs\Microsoft VS Code\bin;C:\Users\user\AppData\Roaming\npm;C:\Program Files\JetBrains\IntelliJ IDEA Educational Edition 2019.3.1\bin;;C:\Users\user\AppData\Local\atom\bin
USERNAME=user
OS=Windows_NT
PROCESSOR_IDENTIFIER=Intel64 Family 6 Model 158 Stepping 9, GenuineIntel



---------------  S Y S T E M  ---------------

OS: Windows 10 , 64 bit Build 17763 (10.0.17763.475)

CPU:total 8 (initial active 8) (4 cores per cpu, 2 threads per core) family 6 model 158 stepping 9, cmov, cx8, fxsr, mmx, sse, sse2, sse3, ssse3, sse4.1, sse4.2, popcnt, avx, avx2, aes, clmul, erms, 3dnowpref, lzcnt, ht, tsc, tscinvbit, bmi1, bmi2, adx, fma

Memory: 4k page, system-wide physical 16275M (5872M free)
TotalPageFile size 43589M (AvailPageFile size 3M)
current process WorkingSet (physical memory assigned to process): 76M, peak: 76M
current process commit charge ("private bytes"): 361M, peak: 362M

vm_info: OpenJDK 64-Bit Server VM (11.0.6+10-LTS) for windows-amd64 JRE (Zulu11.37+17-CA) (11.0.6+10-LTS), built on Dec 26 2019 21:19:08 by "zulu_re" with MS VC++ 15.9 (VS2017)

END.
